2025-05-27 10:45:42 [DEBUG] Verification check - Secretary approval now set to: approved, Status: approved
2025-05-27 11:37:07 [DEBUG] Update succeeded. Role: loan_officer, Status field: lo_approved, Action: approved, App ID: 23
2025-05-27 11:37:07 [DEBUG] Verification check - Field lo_approved is now set to: approved
2025-05-27 11:46:26 [DEBUG] Verification check - Secretary approval now set to: approved, Status: approved
2025-05-27 12:53:27 [DEBUG] Update succeeded. Role: loan_officer, Status field: lo_approved, Action: approved, App ID: 24
2025-05-27 12:53:27 [DEBUG] Verification check - Field lo_approved is now set to: approved
2025-05-27 12:54:01 [DEBUG] Update succeeded. Role: insurance_officer, Status field: io_approved, Action: approved, App ID: 24
2025-05-27 12:54:01 [DEBUG] Verification check - Field io_approved is now set to: approved
2025-05-27 13:18:43 [DEBUG] Verification check - Secretary approval now set to: approved, Status: approved
2025-05-27 13:32:09 [DEBUG] Update succeeded. Role: loan_officer, Status field: lo_approved, Action: approved, App ID: 25
2025-05-27 13:32:09 [DEBUG] Verification check - Field lo_approved is now set to: approved
2025-05-27 13:32:55 [DEBUG] Update succeeded. Role: insurance_officer, Status field: io_approved, Action: approved, App ID: 25
2025-05-27 13:32:55 [DEBUG] Verification check - Field io_approved is now set to: approved
2025-05-27 13:33:46 [DEBUG] Verification check - Secretary approval now set to: approved, Status: approved
2025-05-27 13:39:43 [DEBUG] Update succeeded. Role: loan_officer, Status field: lo_approved, Action: approved, App ID: 26
2025-05-27 13:39:43 [DEBUG] Verification check - Field lo_approved is now set to: approved
2025-05-27 13:41:20 [DEBUG] Update succeeded. Role: insurance_officer, Status field: io_approved, Action: approved, App ID: 26
2025-05-27 13:41:20 [DEBUG] Verification check - Field io_approved is now set to: approved
2025-05-27 13:42:36 [DEBUG] Verification check - Secretary approval now set to: approved, Status: approved
2025-05-27 13:54:27 [DEBUG] Update succeeded. Role: loan_officer, Status field: lo_approved, Action: approved, App ID: 27
2025-05-27 13:54:27 [DEBUG] Verification check - Field lo_approved is now set to: approved
2025-05-27 13:55:19 [DEBUG] Update succeeded. Role: insurance_officer, Status field: io_approved, Action: approved, App ID: 27
2025-05-27 13:55:19 [DEBUG] Verification check - Field io_approved is now set to: approved
2025-05-27 13:56:36 [DEBUG] Verification check - Secretary approval now set to: approved, Status: approved
2025-05-27 14:49:01 [DEBUG] Update succeeded. Role: loan_officer, Status field: lo_approved, Action: approved, App ID: 27
2025-05-27 14:49:01 [DEBUG] Verification check - Field lo_approved is now set to: approved
2025-05-27 16:55:08 [DEBUG] Verification check - Secretary approval now set to: approved, Status: approved
2025-05-27 17:01:33 [DEBUG] Verification check - Secretary approval now set to: approved, Status: approved
2025-05-27 17:21:52 [DEBUG] Verification check - Secretary approval now set to: approved, Status: approved
2025-05-27 22:35:16 [DEBUG] Update succeeded. Role: loan_officer, Status field: lo_approved, Action: approved, App ID: 28
2025-05-27 22:35:16 [DEBUG] Verification check - Field lo_approved is now set to: approved
2025-05-27 22:35:40 [DEBUG] Update succeeded. Role: insurance_officer, Status field: io_approved, Action: approved, App ID: 28
2025-05-27 22:35:40 [DEBUG] Verification check - Field io_approved is now set to: approved
2025-05-27 22:36:15 [DEBUG] Verification check - Secretary approval now set to: approved, Status: approved
2025-05-28 01:12:45 [DEBUG] Update succeeded. Role: insurance_officer, Status field: io_approved, Action: approved, App ID: 34
2025-05-28 01:12:45 [DEBUG] Verification check - Field io_approved is now set to: approved
2025-05-28 01:13:47 [DEBUG] Update succeeded. Role: loan_officer, Status field: lo_approved, Action: approved, App ID: 34
2025-05-28 01:13:47 [DEBUG] Verification check - Field lo_approved is now set to: approved
2025-05-28 01:29:26 [DEBUG] Update succeeded. Role: loan_officer, Status field: lo_approved, Action: approved, App ID: 34
2025-05-28 01:29:26 [DEBUG] Verification check - Field lo_approved is now set to: approved
2025-05-28 01:29:42 [DEBUG] Preserving center_no: 094
2025-05-28 01:29:42 [DEBUG] Update succeeded. Role: insurance_officer, Status field: io_approved, Action: approved, App ID: 34
2025-05-28 01:29:42 [DEBUG] Verification check - Field io_approved is now set to: approved
2025-05-28 01:38:54 [DEBUG] Verification check - Secretary approval now set to: approved, Status: approved
2025-05-28 07:41:54 [DEBUG] Verification check - Secretary approval now set to: approved, Status: approved
2025-05-28 09:43:39 [DEBUG] Verification check - Secretary approval now set to: approved, Status: approved
2025-05-28 10:33:29 [DEBUG] Verification check - Secretary approval now set to: approved, Status: approved
2025-05-28 10:47:13 [DEBUG] Verification check - Secretary approval now set to: approved, Status: approved
2025-05-28 10:50:48 [DEBUG] Verification check - Secretary approval now set to: approved, Status: approved
2025-05-28 11:03:07 [DEBUG] Verification check - Secretary approval now set to: approved, Status: approved
2025-05-28 11:07:24 [DEBUG] Verification check - Secretary approval now set to: approved, Status: approved
2025-05-28 11:14:22 [DEBUG] Verification check - Secretary approval now set to: approved, Status: approved
